 * Serving Flask app "webhook" (lazy loading)
 * Environment: deveployment
 * Debug mode: on
Traceback (most recent call last):
  File "/home/JobCenter/webhook.py", line 58, in <module>
    app.run(host='0.0.0.0', port=7070)
  File "/root/.local/share/virtualenvs/JobCenter-OelQLIOn/lib/python3.7/site-packages/flask/app.py", line 943, in run
    run_simple(host, port, self, **options)
  File "/root/.local/share/virtualenvs/JobCenter-OelQLIOn/lib/python3.7/site-packages/werkzeug/serving.py", line 968, in run_simple
    s.bind(server_address)
OSError: [Errno 98] Address already in use
 * Serving Flask app "app" (lazy loading)
 * Environment: deveployment
 * Debug mode: on
 * Running on http://127.0.0.1:5009/ (Press CTRL+C to quit)
 * Restarting with stat
 * Debugger is active!
 * Debugger PIN: 173-275-233
任务日志写入成功
[Success] (date---[CRON-get_current_date]) success
